<?xml version="1.0" encoding="UTF-8"?>
<!-- Generated by org.testng.reporters.JUnitXMLReporter -->
<testsuite ignored="8" hostname="BA-000175025" failures="0" tests="6" name="Sanity" time="3.456" errors="0" timestamp="2023-05-31T18:41:24 IST">
  <testcase classname="com.nxtgenai.jobportal.GetJobDetails" name="getJobDetails" time="1.302"/>
  <testcase classname="com.nxtgenai.jobportal.CreateJobId" name="createJobDetails" time="0.03"/>
  <testcase classname="com.nxtgenai.jobportal.UpdateJobDetails" name="updateJobDetails" time="0.02"/>
  <testcase classname="com.nxtgenai.jobportal.UpdatedJobDescription" name="updateJobDescription" time="0.026"/>
  <testcase classname="com.nxtgenai.jobportal.DeleteJobDetails" name="deleteJobDetails" time="0.033"/>
  <testcase classname="com.nxtgenai.auth.AuthAPITest" name="autheticateAPIUsingGetMethod" time="2.0"/>
  <testcase classname="com.nxtgenai.setUp.BaseTest" name="@AfterSuite tearDown" time="0.0">
    <ignored/>
  </testcase> <!-- @AfterSuite tearDown -->
  <testcase classname="com.nxtgenai.setUp.BaseTest" name="@BeforeSuite setUp" time="0.0">
    <ignored/>
  </testcase> <!-- @BeforeSuite setUp -->
  <testcase classname="com.nxtgenai.setUp.BaseTest" name="@AfterSuite tearDown" time="0.0">
    <ignored/>
  </testcase> <!-- @AfterSuite tearDown -->
  <testcase classname="com.nxtgenai.setUp.BaseTest" name="@BeforeSuite setUp" time="0.0">
    <ignored/>
  </testcase> <!-- @BeforeSuite setUp -->
  <testcase classname="com.nxtgenai.setUp.BaseTest" name="@BeforeSuite setUp" time="0.0">
    <ignored/>
  </testcase> <!-- @BeforeSuite setUp -->
  <testcase classname="com.nxtgenai.setUp.BaseTest" name="@AfterSuite tearDown" time="0.0">
    <ignored/>
  </testcase> <!-- @AfterSuite tearDown -->
  <testcase classname="com.nxtgenai.setUp.BaseTest" name="@AfterSuite tearDown" time="0.0">
    <ignored/>
  </testcase> <!-- @AfterSuite tearDown -->
  <testcase classname="com.nxtgenai.setUp.BaseTest" name="@BeforeSuite setUp" time="0.0">
    <ignored/>
  </testcase> <!-- @BeforeSuite setUp -->
</testsuite> <!-- Sanity -->
