<?xml version="1.0" encoding="UTF-8"?>
<!-- Generated by org.testng.reporters.JUnitXMLReporter -->
<testsuite hostname="DESKTOP-3SL4LUB" ignored="0" name="Delete Customer API Test" tests="2" failures="2" timestamp="19 Dec 2019 12:37:51 GMT" time="1.937" errors="0">
  <testcase name="deleteCustomer" time="0.955" classname="com.w2a.APITestingFramework.testcases.DeleteCustomerTest">
    <failure type="java.lang.AssertionError" message="ID key is not present in the JSON response expected [true] but found [false]">
      <![CDATA[java.lang.AssertionError: ID key is not present in the JSON response expected [true] but found [false]
at com.w2a.APITestingFramework.testcases.DeleteCustomerTest.deleteCustomer(DeleteCustomerTest.java:51)
... Removed 28 stack frames]]>
    </failure>
  </testcase> <!-- deleteCustomer -->
  <testcase name="deleteCustomer" time="0.964" classname="com.w2a.APITestingFramework.testcases.DeleteCustomerTest">
    <failure type="java.lang.AssertionError" message="ID key is not present in the JSON response expected [true] but found [false]">
      <![CDATA[java.lang.AssertionError: ID key is not present in the JSON response expected [true] but found [false]
at com.w2a.APITestingFramework.testcases.DeleteCustomerTest.deleteCustomer(DeleteCustomerTest.java:51)
... Removed 28 stack frames]]>
    </failure>
  </testcase> <!-- deleteCustomer -->
</testsuite> <!-- Delete Customer API Test -->
