<?xml version="1.0" encoding="UTF-8"?>
<testsuite xmlns:xsi="http://www.w3.org/2001/XMLSchema-instance" xsi:noNamespaceSchemaLocation="https://maven.apache.org/surefire/maven-surefire-plugin/xsd/surefire-test-report.xsd" name="TestSuite" time="4.694" tests="6" errors="0" skipped="0" failures="0">
  <properties>
[...]
</properties>
  <testcase name="getJobDetails" classname="com.nxtgenai.jobportal.GetJobDetails" time="1.309"/>
  <testcase name="createJobDetails" classname="com.nxtgenai.jobportal.CreateJobId" time="0.031"/>
  <testcase name="updateJobDetails" classname="com.nxtgenai.jobportal.UpdateJobDetails" time="0.02"/>
  <testcase name="updateJobDescription" classname="com.nxtgenai.jobportal.UpdatedJobDescription" time="0.027"/>
  <testcase name="deleteJobDetails" classname="com.nxtgenai.jobportal.DeleteJobDetails" time="0.033"/>
  <testcase name="autheticateAPIUsingGetMethod" classname="com.nxtgenai.auth.AuthAPITest" time="2.001"/>
</testsuite>