<?xml version="1.0" encoding="UTF-8"?>
<!-- Generated by org.testng.reporters.JUnitXMLReporter -->
<testsuite ignored="8" hostname="DESKTOP-02HTNM8" failures="0" tests="5" name="Get Job Details" time="1.01" errors="0" timestamp="26 May 2023 00:14:50 GMT">
  <testcase classname="com.nxtgenai.jobportal.GetJobDetails" name="getJobDetails" time="0.828"/>
  <testcase classname="com.nxtgenai.jobportal.CreateJobIdUsingJsonFile" name="createJobId" time="0.044"/>
  <testcase classname="com.nxtgenai.jobportal.UpdateJobDetailsUsingJsonFile" name="UpdateJobDetails" time="0.027"/>
  <testcase classname="com.nxtgenai.jobportal.UpdatedJobDescription" name="updateJobDescription" time="0.064"/>
  <testcase classname="com.nxtgenai.jobportal.DeleteJobId" name="deleteJobId" time="0.019"/>
  <testcase classname="com.nxtgenai.setUp.BaseTest" name="@BeforeSuite setUp" time="0.0">
    <ignored/>
  </testcase> <!-- @BeforeSuite setUp -->
  <testcase classname="com.nxtgenai.setUp.BaseTest" name="@BeforeSuite setUp" time="0.0">
    <ignored/>
  </testcase> <!-- @BeforeSuite setUp -->
  <testcase classname="com.nxtgenai.setUp.BaseTest" name="@BeforeSuite setUp" time="0.0">
    <ignored/>
  </testcase> <!-- @BeforeSuite setUp -->
  <testcase classname="com.nxtgenai.setUp.BaseTest" name="@BeforeSuite setUp" time="0.0">
    <ignored/>
  </testcase> <!-- @BeforeSuite setUp -->
  <testcase classname="com.nxtgenai.setUp.BaseTest" name="@AfterSuite tearDown" time="0.0">
    <ignored/>
  </testcase> <!-- @AfterSuite tearDown -->
  <testcase classname="com.nxtgenai.setUp.BaseTest" name="@AfterSuite tearDown" time="0.0">
    <ignored/>
  </testcase> <!-- @AfterSuite tearDown -->
  <testcase classname="com.nxtgenai.setUp.BaseTest" name="@AfterSuite tearDown" time="0.0">
    <ignored/>
  </testcase> <!-- @AfterSuite tearDown -->
  <testcase classname="com.nxtgenai.setUp.BaseTest" name="@AfterSuite tearDown" time="0.0">
    <ignored/>
  </testcase> <!-- @AfterSuite tearDown -->
</testsuite> <!-- Get Job Details -->
