<?xml version="1.0" encoding="UTF-8"?>
<!-- Generated by org.testng.reporters.JUnitXMLReporter -->
<testsuite ignored="8" hostname="BA-000175025" failures="0" tests="6" name="Sanity" time="4.475" errors="0" timestamp="2023-06-05T15:52:45 IST">
  <testcase classname="com.nxtgenai.jobportal.GetJobDetails" name="getJobDetails" time="1.223"/>
  <testcase classname="com.nxtgenai.jobportal.CreateJobId" name="createJobDetails" time="0.036"/>
  <testcase classname="com.nxtgenai.jobportal.UpdateJobDetails" name="updateJobDetails" time="0.021"/>
  <testcase classname="com.nxtgenai.jobportal.UpdatedJobDescription" name="updateJobDescription" time="0.03"/>
  <testcase classname="com.nxtgenai.jobportal.DeleteJobDetails" name="deleteJobDetails" time="0.038"/>
  <testcase classname="com.nxtgenai.auth.AuthAPITest" name="autheticateAPIUsingGetMethod" time="3.067"/>
  <testcase classname="com.nxtgenai.setup.BaseTest" name="@BeforeSuite setUp" time="0.0">
    <ignored/>
  </testcase> <!-- @BeforeSuite setUp -->
  <testcase classname="com.nxtgenai.setup.BaseTest" name="@AfterSuite tearDown" time="0.0">
    <ignored/>
  </testcase> <!-- @AfterSuite tearDown -->
  <testcase classname="com.nxtgenai.setup.BaseTest" name="@BeforeSuite setUp" time="0.0">
    <ignored/>
  </testcase> <!-- @BeforeSuite setUp -->
  <testcase classname="com.nxtgenai.setup.BaseTest" name="@AfterSuite tearDown" time="0.0">
    <ignored/>
  </testcase> <!-- @AfterSuite tearDown -->
  <testcase classname="com.nxtgenai.setup.BaseTest" name="@BeforeSuite setUp" time="0.0">
    <ignored/>
  </testcase> <!-- @BeforeSuite setUp -->
  <testcase classname="com.nxtgenai.setup.BaseTest" name="@AfterSuite tearDown" time="0.0">
    <ignored/>
  </testcase> <!-- @AfterSuite tearDown -->
  <testcase classname="com.nxtgenai.setup.BaseTest" name="@BeforeSuite setUp" time="0.0">
    <ignored/>
  </testcase> <!-- @BeforeSuite setUp -->
  <testcase classname="com.nxtgenai.setup.BaseTest" name="@AfterSuite tearDown" time="0.0">
    <ignored/>
  </testcase> <!-- @AfterSuite tearDown -->
</testsuite> <!-- Sanity -->
