<?xml version="1.0" encoding="UTF-8"?>
<!-- Generated by org.testng.reporters.JUnitXMLReporter -->
<testsuite ignored="2" hostname="DESKTOP-02HTNM8" failures="0" tests="2" name="Test Case 2" time="0.054" errors="0" timestamp="26 May 2023 00:43:20 GMT">
  <testcase classname="com.nxtgenai.jobportal.UpdatedJobDescription" name="updateJobDescription" time="0.034"/>
  <testcase classname="com.nxtgenai.jobportal.DeleteJobId" name="deleteJobId" time="0.017"/>
  <testcase classname="com.nxtgenai.setUp.BaseTest" name="@BeforeSuite setUp" time="0.0">
    <ignored/>
  </testcase> <!-- @BeforeSuite setUp -->
  <testcase classname="com.nxtgenai.setUp.BaseTest" name="@AfterSuite tearDown" time="0.0">
    <ignored/>
  </testcase> <!-- @AfterSuite tearDown -->
</testsuite> <!-- Test Case 2 -->
