<?xml version="1.0" encoding="UTF-8"?>
<!-- Generated by org.testng.reporters.JUnitXMLReporter -->
<testsuite ignored="4" hostname="DESKTOP-02HTNM8" failures="0" tests="3" name="Test Case 1" time="0.933" errors="0" timestamp="26 May 2023 00:43:20 GMT">
  <testcase classname="com.nxtgenai.jobportal.GetJobDetails" name="getJobDetails" time="0.84"/>
  <testcase classname="com.nxtgenai.jobportal.CreateJobIdUsingJsonFile" name="createJobId" time="0.044"/>
  <testcase classname="com.nxtgenai.jobportal.UpdateJobDetailsUsingJsonFile" name="UpdateJobDetails" time="0.024"/>
  <testcase classname="com.nxtgenai.setUp.BaseTest" name="@BeforeSuite setUp" time="0.0">
    <ignored/>
  </testcase> <!-- @BeforeSuite setUp -->
  <testcase classname="com.nxtgenai.setUp.BaseTest" name="@BeforeSuite setUp" time="0.0">
    <ignored/>
  </testcase> <!-- @BeforeSuite setUp -->
  <testcase classname="com.nxtgenai.setUp.BaseTest" name="@AfterSuite tearDown" time="0.0">
    <ignored/>
  </testcase> <!-- @AfterSuite tearDown -->
  <testcase classname="com.nxtgenai.setUp.BaseTest" name="@AfterSuite tearDown" time="0.0">
    <ignored/>
  </testcase> <!-- @AfterSuite tearDown -->
</testsuite> <!-- Test Case 1 -->
