<?xml version="1.0" encoding="UTF-8"?>
<testng-results ignored="8" total="14" passed="6" failed="0" skipped="0">
  <reporter-output>
    <line>
      <![CDATA[Status Code is verified successfully as : 200]]>
    </line>
    <line>
      <![CDATA[Status Line is verified successfully as :HTTP/1.1 200 ]]>
    </line>
    <line>
      <![CDATA[Content-Type is verified successfully as : application/json]]>
    </line>
    <line>
      <![CDATA[Status Code is verified successfully as : 201]]>
    </line>
    <line>
      <![CDATA[Status Line is verified successfully as : HTTP/1.1 201 ]]>
    </line>
    <line>
      <![CDATA[Content-Type is verified successfully as : application/json]]>
    </line>
    <line>
      <![CDATA[Status Code is verified successfully as : 200]]>
    </line>
    <line>
      <![CDATA[Status Line is verified successfully as :HTTP/1.1 200 ]]>
    </line>
    <line>
      <![CDATA[Content-Type is verified successfully as : application/json]]>
    </line>
    <line>
      <![CDATA[Status Code is verified successfully as : 200]]>
    </line>
    <line>
      <![CDATA[Status Line is verified successfully as :HTTP/1.1 200 ]]>
    </line>
    <line>
      <![CDATA[Content-Type is verified successfully as : application/json]]>
    </line>
    <line>
      <![CDATA[Status Code is verified successfully as : 200]]>
    </line>
    <line>
      <![CDATA[Status Line is verified successfully as :HTTP/1.1 200 ]]>
    </line>
    <line>
      <![CDATA[Content-Type is verified successfully as : application/json]]>
    </line>
    <line>
      <![CDATA[Status Code is verified successfully as : 404]]>
    </line>
    <line>
      <![CDATA[Status Code is verified successfully as : 200]]>
    </line>
    <line>
      <![CDATA[Status Line is verified successfully as : HTTP/1.1 200 OK]]>
    </line>
    <line>
      <![CDATA[Content-Type is verified successfully as : application/json; charset=utf-8]]>
    </line>
    <line>
      <![CDATA[Message body verified successfully as : true]]>
    </line>
  </reporter-output>
  <suite started-at="2023-06-05T15:52:40 IST" name="Automation Suite" finished-at="2023-06-05T15:52:45 IST" duration-ms="4475">
    <groups>
    </groups>
    <test started-at="2023-06-05T15:52:40 IST" name="Sanity" finished-at="2023-06-05T15:52:45 IST" duration-ms="4475">
      <class name="com.nxtgenai.jobportal.CreateJobId">
        <test-method signature="createJobDetails()[pri:0, instance:com.nxtgenai.jobportal.CreateJobId@f627d13]" started-at="2023-06-05T15:52:42 IST" name="createJobDetails" finished-at="2023-06-05T15:52:42 IST" duration-ms="36" status="PASS">
          <reporter-output>
            <line>
              <![CDATA[Status Code is verified successfully as : 201]]>
            </line>
            <line>
              <![CDATA[Status Line is verified successfully as : HTTP/1.1 201 ]]>
            </line>
            <line>
              <![CDATA[Content-Type is verified successfully as : application/json]]>
            </line>
          </reporter-output>
        </test-method> <!-- createJobDetails -->
      </class> <!-- com.nxtgenai.jobportal.CreateJobId -->
      <class name="com.nxtgenai.jobportal.DeleteJobDetails">
        <test-method signature="deleteJobDetails()[pri:0, instance:com.nxtgenai.jobportal.DeleteJobDetails@3224a577]" started-at="2023-06-05T15:52:42 IST" name="deleteJobDetails" finished-at="2023-06-05T15:52:42 IST" duration-ms="38" status="PASS">
          <reporter-output>
            <line>
              <![CDATA[Status Code is verified successfully as : 200]]>
            </line>
            <line>
              <![CDATA[Status Line is verified successfully as :HTTP/1.1 200 ]]>
            </line>
            <line>
              <![CDATA[Content-Type is verified successfully as : application/json]]>
            </line>
            <line>
              <![CDATA[Status Code is verified successfully as : 404]]>
            </line>
          </reporter-output>
        </test-method> <!-- deleteJobDetails -->
      </class> <!-- com.nxtgenai.jobportal.DeleteJobDetails -->
      <class name="com.nxtgenai.jobportal.UpdateJobDetails">
        <test-method signature="updateJobDetails()[pri:0, instance:com.nxtgenai.jobportal.UpdateJobDetails@4e928fbf]" started-at="2023-06-05T15:52:42 IST" name="updateJobDetails" finished-at="2023-06-05T15:52:42 IST" duration-ms="21" status="PASS">
          <reporter-output>
            <line>
              <![CDATA[Status Code is verified successfully as : 200]]>
            </line>
            <line>
              <![CDATA[Status Line is verified successfully as :HTTP/1.1 200 ]]>
            </line>
            <line>
              <![CDATA[Content-Type is verified successfully as : application/json]]>
            </line>
          </reporter-output>
        </test-method> <!-- updateJobDetails -->
      </class> <!-- com.nxtgenai.jobportal.UpdateJobDetails -->
      <class name="com.nxtgenai.jobportal.GetJobDetails">
        <test-method is-config="true" signature="setUp()[pri:0, instance:com.nxtgenai.jobportal.GetJobDetails@2cb2fc20]" started-at="2023-06-05T15:52:40 IST" name="setUp" finished-at="2023-06-05T15:52:40 IST" duration-ms="13" status="PASS">
          <reporter-output>
          </reporter-output>
        </test-method> <!-- setUp -->
        <test-method signature="getJobDetails()[pri:0, instance:com.nxtgenai.jobportal.GetJobDetails@2cb2fc20]" started-at="2023-06-05T15:52:40 IST" name="getJobDetails" finished-at="2023-06-05T15:52:42 IST" duration-ms="1223" status="PASS">
          <reporter-output>
            <line>
              <![CDATA[Status Code is verified successfully as : 200]]>
            </line>
            <line>
              <![CDATA[Status Line is verified successfully as :HTTP/1.1 200 ]]>
            </line>
            <line>
              <![CDATA[Content-Type is verified successfully as : application/json]]>
            </line>
          </reporter-output>
        </test-method> <!-- getJobDetails -->
        <test-method is-config="true" signature="tearDown()[pri:0, instance:com.nxtgenai.jobportal.GetJobDetails@2cb2fc20]" started-at="2023-06-05T15:52:45 IST" name="tearDown" finished-at="2023-06-05T15:52:45 IST" duration-ms="1" status="PASS">
          <reporter-output>
          </reporter-output>
        </test-method> <!-- tearDown -->
      </class> <!-- com.nxtgenai.jobportal.GetJobDetails -->
      <class name="com.nxtgenai.jobportal.UpdatedJobDescription">
        <test-method signature="updateJobDescription()[pri:0, instance:com.nxtgenai.jobportal.UpdatedJobDescription@352ff4da]" started-at="2023-06-05T15:52:42 IST" name="updateJobDescription" finished-at="2023-06-05T15:52:42 IST" duration-ms="30" status="PASS">
          <reporter-output>
            <line>
              <![CDATA[Status Code is verified successfully as : 200]]>
            </line>
            <line>
              <![CDATA[Status Line is verified successfully as :HTTP/1.1 200 ]]>
            </line>
            <line>
              <![CDATA[Content-Type is verified successfully as : application/json]]>
            </line>
          </reporter-output>
        </test-method> <!-- updateJobDescription -->
      </class> <!-- com.nxtgenai.jobportal.UpdatedJobDescription -->
      <class name="com.nxtgenai.auth.AuthAPITest">
        <test-method signature="autheticateAPIUsingGetMethod()[pri:0, instance:com.nxtgenai.auth.AuthAPITest@2e32ccc5]" started-at="2023-06-05T15:52:42 IST" name="autheticateAPIUsingGetMethod" finished-at="2023-06-05T15:52:45 IST" duration-ms="3067" status="PASS">
          <reporter-output>
            <line>
              <![CDATA[Status Code is verified successfully as : 200]]>
            </line>
            <line>
              <![CDATA[Status Line is verified successfully as : HTTP/1.1 200 OK]]>
            </line>
            <line>
              <![CDATA[Content-Type is verified successfully as : application/json; charset=utf-8]]>
            </line>
            <line>
              <![CDATA[Message body verified successfully as : true]]>
            </line>
          </reporter-output>
        </test-method> <!-- autheticateAPIUsingGetMethod -->
      </class> <!-- com.nxtgenai.auth.AuthAPITest -->
    </test> <!-- Sanity -->
  </suite> <!-- Automation Suite -->
</testng-results>
